# Logfile created on 2014-03-10 16:55:23 -0300 by logger.rb/44203
I, [2014-03-10T16:55:23.660181 #13066]  INFO -- : 0:  r18n-core (1.1.8) from /Users/brunosilveira/.rvm/gems/ruby-2.1.0/specifications/r18n-core-1.1.8.gemspec
I, [2014-03-10T16:55:23.660612 #13066]  INFO -- : 0:  rack (1.5.2) from /Users/brunosilveira/.rvm/gems/ruby-2.1.0/specifications/rack-1.5.2.gemspec
I, [2014-03-10T16:55:23.661012 #13066]  INFO -- : 0:  rack-protection (1.5.2) from /Users/brunosilveira/.rvm/gems/ruby-2.1.0/specifications/rack-protection-1.5.2.gemspec
I, [2014-03-10T16:55:23.661394 #13066]  INFO -- : 0:  tilt (1.4.1) from /Users/brunosilveira/.rvm/gems/ruby-2.1.0/specifications/tilt-1.4.1.gemspec
I, [2014-03-10T16:55:23.661751 #13066]  INFO -- : 0:  sinatra (1.4.4) from /Users/brunosilveira/.rvm/gems/ruby-2.1.0/specifications/sinatra-1.4.4.gemspec
I, [2014-03-10T16:55:23.662223 #13066]  INFO -- : 0:  sinatra-r18n (1.1.8) from /Users/brunosilveira/.rvm/gems/ruby-2.1.0/specifications/sinatra-r18n-1.1.8.gemspec
I, [2014-03-10T16:55:23.790297 #13066]  INFO -- : 0:  sinatra-static-assets (1.0.2.1) from /Users/brunosilveira/.rvm/gems/ruby-2.1.0/bundler/gems/sinatra-static-assets-06b0cb5ffe85/sinatra-static-assets.gemspec
I, [2014-03-10T16:55:23.790803 #13066]  INFO -- : 0:  bundler (1.5.1) from /Users/brunosilveira/.rvm/gems/ruby-2.1.0@global/specifications/bundler-1.5.1.gemspec
E, [2014-03-11T21:11:05.179670 #84366] ERROR -- : SystemExit: exit
/Users/brunosilveira/.rvm/gems/ruby-2.1.0@global/gems/bundler-1.5.1/bin/bundle:4:in `exit'  \n/Users/brunosilveira/.rvm/gems/ruby-2.1.0@global/gems/bundler-1.5.1/bin/bundle:4:in `block in <top (required)>'  \n/Users/brunosilveira/.rvm/rubies/ruby-2.1.0/lib/ruby/2.1.0/net/http.rb:920:in `call'  \n/Users/brunosilveira/.rvm/rubies/ruby-2.1.0/lib/ruby/2.1.0/net/http.rb:920:in `connect'  \n/Users/brunosilveira/.rvm/rubies/ruby-2.1.0/lib/ruby/2.1.0/net/http.rb:920:in `block in connect'  \n/Users/brunosilveira/.rvm/rubies/ruby-2.1.0/lib/ruby/2.1.0/timeout.rb:67:in `timeout'  \n/Users/brunosilveira/.rvm/rubies/ruby-2.1.0/lib/ruby/2.1.0/net/http.rb:920:in `connect'  \n/Users/brunosilveira/.rvm/rubies/ruby-2.1.0/lib/ruby/2.1.0/net/http.rb:863:in `do_start'  \n/Users/brunosilveira/.rvm/rubies/ruby-2.1.0/lib/ruby/2.1.0/net/http.rb:858:in `start'  \n/Users/brunosilveira/.rvm/rubies/ruby-2.1.0/lib/ruby/site_ruby/2.1.0/rubygems/request.rb:96:in `connection_for'  \n/Users/brunosilveira/.rvm/rubies/ruby-2.1.0/lib/ruby/site_ruby/2.1.0/rubygems/request.rb:122:in `fetch'  \n/Users/brunosilveira/.rvm/rubies/ruby-2.1.0/lib/ruby/site_ruby/2.1.0/rubygems/remote_fetcher.rb:337:in `request'  \n/Users/brunosilveira/.rvm/rubies/ruby-2.1.0/lib/ruby/site_ruby/2.1.0/rubygems/remote_fetcher.rb:231:in `fetch_http'  \n/Users/brunosilveira/.rvm/rubies/ruby-2.1.0/lib/ruby/site_ruby/2.1.0/rubygems/remote_fetcher.rb:266:in `fetch_path'  \n/Users/brunosilveira/.rvm/rubies/ruby-2.1.0/lib/ruby/site_ruby/2.1.0/rubygems/remote_fetcher.rb:296:in `cache_update_path'  \n/Users/brunosilveira/.rvm/rubies/ruby-2.1.0/lib/ruby/site_ruby/2.1.0/rubygems/remote_fetcher.rb:165:in `download'  \n/Users/brunosilveira/.rvm/gems/ruby-2.1.0@global/gems/bundler-1.5.1/lib/bundler/rubygems_integration.rb:511:in `download_gem'  \n/Users/brunosilveira/.rvm/gems/ruby-2.1.0@global/gems/bundler-1.5.1/lib/bundler/fetcher.rb:41:in `download_gem_from_uri'  \n/Users/brunosilveira/.rvm/gems/ruby-2.1.0@global/gems/bundler-1.5.1/lib/bundler/source/rubygems.rb:78:in `install'  \n/Users/brunosilveira/.rvm/gems/ruby-2.1.0@global/gems/bundler-1.5.1/lib/bundler/installer.rb:111:in `block in install_gem_from_spec'  \n/Users/brunosilveira/.rvm/gems/ruby-2.1.0@global/gems/bundler-1.5.1/lib/bundler/rubygems_integration.rb:150:in `with_build_args'  \n/Users/brunosilveira/.rvm/gems/ruby-2.1.0@global/gems/bundler-1.5.1/lib/bundler/installer.rb:110:in `install_gem_from_spec'  \n/Users/brunosilveira/.rvm/gems/ruby-2.1.0@global/gems/bundler-1.5.1/lib/bundler/installer.rb:295:in `block in install_sequentially'  \n/Users/brunosilveira/.rvm/rubies/ruby-2.1.0/lib/ruby/2.1.0/forwardable.rb:183:in `each'  \n/Users/brunosilveira/.rvm/rubies/ruby-2.1.0/lib/ruby/2.1.0/forwardable.rb:183:in `each'  \n/Users/brunosilveira/.rvm/gems/ruby-2.1.0@global/gems/bundler-1.5.1/lib/bundler/installer.rb:294:in `install_sequentially'  \n/Users/brunosilveira/.rvm/gems/ruby-2.1.0@global/gems/bundler-1.5.1/lib/bundler/installer.rb:97:in `run'  \n/Users/brunosilveira/.rvm/gems/ruby-2.1.0@global/gems/bundler-1.5.1/lib/bundler/installer.rb:15:in `install'  \n/Users/brunosilveira/.rvm/gems/ruby-2.1.0@global/gems/bundler-1.5.1/lib/bundler/cli.rb:257:in `install'  \n/Users/brunosilveira/.rvm/gems/ruby-2.1.0@global/gems/bundler-1.5.1/lib/bundler/vendor/thor/command.rb:27:in `run'  \n/Users/brunosilveira/.rvm/gems/ruby-2.1.0@global/gems/bundler-1.5.1/lib/bundler/vendor/thor/invocation.rb:120:in `invoke_command'  \n/Users/brunosilveira/.rvm/gems/ruby-2.1.0@global/gems/bundler-1.5.1/lib/bundler/vendor/thor.rb:363:in `dispatch'  \n/Users/brunosilveira/.rvm/gems/ruby-2.1.0@global/gems/bundler-1.5.1/lib/bundler/vendor/thor/base.rb:438:in `start'  \n/Users/brunosilveira/.rvm/gems/ruby-2.1.0@global/gems/bundler-1.5.1/lib/bundler/cli.rb:10:in `start'  \n/Users/brunosilveira/.rvm/gems/ruby-2.1.0@global/gems/bundler-1.5.1/bin/bundle:22:in `block in <top (required)>'  \n/Users/brunosilveira/.rvm/gems/ruby-2.1.0@global/gems/bundler-1.5.1/lib/bundler/friendly_errors.rb:5:in `with_friendly_errors'  \n/Users/brunosilveira/.rvm/gems/ruby-2.1.0@global/gems/bundler-1.5.1/bin/bundle:22:in `<top (required)>'  \n/Users/brunosilveira/.rvm/gems/ruby-2.1.0@global/bin/bundle:23:in `load'  \n/Users/brunosilveira/.rvm/gems/ruby-2.1.0@global/bin/bundle:23:in `<main>'  \n/Users/brunosilveira/.rvm/gems/ruby-2.1.0/bin/ruby_executable_hooks:15:in `eval'  \n/Users/brunosilveira/.rvm/gems/ruby-2.1.0/bin/ruby_executable_hooks:15:in `<main>'
I, [2014-03-11T21:12:27.134729 #85010]  INFO -- : 0:  pdfkit (0.6.1) from /Users/brunosilveira/.rvm/gems/ruby-2.1.0/specifications/pdfkit-0.6.1.gemspec
I, [2014-03-11T21:12:27.135140 #85010]  INFO -- : 0:  r18n-core (1.1.8) from /Users/brunosilveira/.rvm/gems/ruby-2.1.0/specifications/r18n-core-1.1.8.gemspec
I, [2014-03-11T21:12:27.135512 #85010]  INFO -- : 0:  rack (1.5.2) from /Users/brunosilveira/.rvm/gems/ruby-2.1.0/specifications/rack-1.5.2.gemspec
I, [2014-03-11T21:12:27.135863 #85010]  INFO -- : 0:  rack-protection (1.5.2) from /Users/brunosilveira/.rvm/gems/ruby-2.1.0/specifications/rack-protection-1.5.2.gemspec
I, [2014-03-11T21:12:27.137578 #85010]  INFO -- : 0:  tilt (1.4.1) from /Users/brunosilveira/.rvm/gems/ruby-2.1.0/specifications/tilt-1.4.1.gemspec
I, [2014-03-11T21:12:27.138002 #85010]  INFO -- : 0:  sinatra (1.4.4) from /Users/brunosilveira/.rvm/gems/ruby-2.1.0/specifications/sinatra-1.4.4.gemspec
I, [2014-03-11T21:12:27.138526 #85010]  INFO -- : 0:  sinatra-r18n (1.1.8) from /Users/brunosilveira/.rvm/gems/ruby-2.1.0/specifications/sinatra-r18n-1.1.8.gemspec
I, [2014-03-11T21:12:27.138914 #85010]  INFO -- : 0:  bundler (1.5.1) from /Users/brunosilveira/.rvm/gems/ruby-2.1.0@global/specifications/bundler-1.5.1.gemspec
I, [2014-03-11T21:16:07.784529 #86458]  INFO -- : 0:  pdfkit (0.6.1) from /Users/brunosilveira/.rvm/gems/ruby-2.1.0/specifications/pdfkit-0.6.1.gemspec
I, [2014-03-11T21:16:07.784979 #86458]  INFO -- : 0:  r18n-core (1.1.8) from /Users/brunosilveira/.rvm/gems/ruby-2.1.0/specifications/r18n-core-1.1.8.gemspec
I, [2014-03-11T21:16:07.785357 #86458]  INFO -- : 0:  rack (1.5.2) from /Users/brunosilveira/.rvm/gems/ruby-2.1.0/specifications/rack-1.5.2.gemspec
I, [2014-03-11T21:16:07.785711 #86458]  INFO -- : 0:  rack-protection (1.5.2) from /Users/brunosilveira/.rvm/gems/ruby-2.1.0/specifications/rack-protection-1.5.2.gemspec
I, [2014-03-11T21:16:07.788372 #86458]  INFO -- : 0:  tilt (1.4.1) from /Users/brunosilveira/.rvm/gems/ruby-2.1.0/specifications/tilt-1.4.1.gemspec
I, [2014-03-11T21:16:07.789139 #86458]  INFO -- : 0:  sinatra (1.4.4) from /Users/brunosilveira/.rvm/gems/ruby-2.1.0/specifications/sinatra-1.4.4.gemspec
I, [2014-03-11T21:16:07.789866 #86458]  INFO -- : 0:  sinatra-r18n (1.1.8) from /Users/brunosilveira/.rvm/gems/ruby-2.1.0/specifications/sinatra-r18n-1.1.8.gemspec
I, [2014-03-11T21:16:07.790578 #86458]  INFO -- : 0:  bundler (1.5.1) from /Users/brunosilveira/.rvm/gems/ruby-2.1.0@global/specifications/bundler-1.5.1.gemspec
I, [2014-03-11T21:17:51.717965 #86991]  INFO -- : 0:  pdfkit (0.6.1) from /Users/brunosilveira/.rvm/gems/ruby-2.1.0/specifications/pdfkit-0.6.1.gemspec
I, [2014-03-11T21:17:51.718956 #86991]  INFO -- : 0:  r18n-core (1.1.8) from /Users/brunosilveira/.rvm/gems/ruby-2.1.0/specifications/r18n-core-1.1.8.gemspec
I, [2014-03-11T21:17:51.719622 #86991]  INFO -- : 0:  rack (1.5.2) from /Users/brunosilveira/.rvm/gems/ruby-2.1.0/specifications/rack-1.5.2.gemspec
I, [2014-03-11T21:17:51.720366 #86991]  INFO -- : 0:  rack-protection (1.5.2) from /Users/brunosilveira/.rvm/gems/ruby-2.1.0/specifications/rack-protection-1.5.2.gemspec
I, [2014-03-11T21:17:51.721050 #86991]  INFO -- : 0:  tilt (1.4.1) from /Users/brunosilveira/.rvm/gems/ruby-2.1.0/specifications/tilt-1.4.1.gemspec
I, [2014-03-11T21:17:51.721620 #86991]  INFO -- : 0:  sinatra (1.4.4) from /Users/brunosilveira/.rvm/gems/ruby-2.1.0/specifications/sinatra-1.4.4.gemspec
I, [2014-03-11T21:17:51.722123 #86991]  INFO -- : 0:  sinatra-r18n (1.1.8) from /Users/brunosilveira/.rvm/gems/ruby-2.1.0/specifications/sinatra-r18n-1.1.8.gemspec
I, [2014-03-11T21:20:50.566291 #86991]  INFO -- : 0:  wkhtmltopdf-binary (0.9.9.1) from /Users/brunosilveira/.rvm/gems/ruby-2.1.0/specifications/wkhtmltopdf-binary-0.9.9.1.gemspec
I, [2014-03-11T21:20:50.567461 #86991]  INFO -- : 0:  bundler (1.5.1) from /Users/brunosilveira/.rvm/gems/ruby-2.1.0@global/specifications/bundler-1.5.1.gemspec
I, [2014-03-11T21:39:39.218133 #94815]  INFO -- : 0:  mini_portile (0.5.2) from /Users/brunosilveira/.rvm/gems/ruby-2.1.0/specifications/mini_portile-0.5.2.gemspec
I, [2014-03-11T21:42:29.073061 #94815]  INFO -- : 0:  nokogiri (1.6.1) from /Users/brunosilveira/.rvm/gems/ruby-2.1.0/specifications/nokogiri-1.6.1.gemspec
I, [2014-03-11T21:42:29.074091 #94815]  INFO -- : 0:  pdfkit (0.6.1) from /Users/brunosilveira/.rvm/gems/ruby-2.1.0/specifications/pdfkit-0.6.1.gemspec
I, [2014-03-11T21:42:29.075917 #94815]  INFO -- : 0:  r18n-core (1.1.8) from /Users/brunosilveira/.rvm/gems/ruby-2.1.0/specifications/r18n-core-1.1.8.gemspec
I, [2014-03-11T21:42:29.076988 #94815]  INFO -- : 0:  rack (1.5.2) from /Users/brunosilveira/.rvm/gems/ruby-2.1.0/specifications/rack-1.5.2.gemspec
I, [2014-03-11T21:42:29.077695 #94815]  INFO -- : 0:  rack-protection (1.5.2) from /Users/brunosilveira/.rvm/gems/ruby-2.1.0/specifications/rack-protection-1.5.2.gemspec
I, [2014-03-11T21:42:29.078268 #94815]  INFO -- : 0:  tilt (1.4.1) from /Users/brunosilveira/.rvm/gems/ruby-2.1.0/specifications/tilt-1.4.1.gemspec
I, [2014-03-11T21:42:29.078772 #94815]  INFO -- : 0:  sinatra (1.4.4) from /Users/brunosilveira/.rvm/gems/ruby-2.1.0/specifications/sinatra-1.4.4.gemspec
I, [2014-03-11T21:42:29.079273 #94815]  INFO -- : 0:  sinatra-r18n (1.1.8) from /Users/brunosilveira/.rvm/gems/ruby-2.1.0/specifications/sinatra-r18n-1.1.8.gemspec
I, [2014-03-11T21:42:29.079791 #94815]  INFO -- : 0:  wkhtmltopdf-binary (0.9.9.1) from /Users/brunosilveira/.rvm/gems/ruby-2.1.0/specifications/wkhtmltopdf-binary-0.9.9.1.gemspec
I, [2014-03-11T21:42:29.080420 #94815]  INFO -- : 0:  bundler (1.5.1) from /Users/brunosilveira/.rvm/gems/ruby-2.1.0@global/specifications/bundler-1.5.1.gemspec
